TN:
SF:/Users/marcusstridfalt/Desktop/Ex/src/api/index.js
FN:6,generateID
FN:19,createPostObject
FN:32,fetchAllPosts
FN:41,storePostObject
FN:46,removePost
FN:48,(anonymous_5)
FN:55,fetchAllComments
FN:65,createCommentObject
FN:75,storeCommentObject
FN:80,filterComments
FN:81,(anonymous_10)
FN:84,removeComment
FN:86,(anonymous_12)
FN:90,fetchCurrentPersona
FN:99,fetchPersonas
FN:104,storeCurrentPersona
FN:109,generateRandomInt
FN:128,botReply
FN:131,(anonymous_18)
FN:132,(anonymous_19)
FNF:20
FNH:2
FNDA:0,generateID
FNDA:0,createPostObject
FNDA:0,fetchAllPosts
FNDA:0,storePostObject
FNDA:0,removePost
FNDA:0,(anonymous_5)
FNDA:0,fetchAllComments
FNDA:0,createCommentObject
FNDA:0,storeCommentObject
FNDA:0,filterComments
FNDA:0,(anonymous_10)
FNDA:0,removeComment
FNDA:0,(anonymous_12)
FNDA:1,fetchCurrentPersona
FNDA:0,fetchPersonas
FNDA:1,storeCurrentPersona
FNDA:0,generateRandomInt
FNDA:0,botReply
FNDA:0,(anonymous_18)
FNDA:0,(anonymous_19)
DA:7,0
DA:20,0
DA:33,0
DA:34,0
DA:42,0
DA:43,0
DA:47,0
DA:48,0
DA:49,0
DA:56,0
DA:57,0
DA:66,0
DA:76,0
DA:77,0
DA:81,0
DA:85,0
DA:86,0
DA:87,0
DA:91,1
DA:92,1
DA:93,1
DA:95,0
DA:96,0
DA:100,0
DA:101,0
DA:105,1
DA:106,1
DA:110,0
DA:113,2
DA:129,0
DA:130,0
DA:131,0
DA:132,0
DA:133,0
LF:34
LH:6
BRDA:19,0,0,0
BRDA:19,1,0,0
BRDA:34,2,0,0
BRDA:34,2,1,0
BRDA:57,3,0,0
BRDA:57,3,1,0
BRDA:65,4,0,0
BRDA:92,5,0,1
BRDA:92,5,1,0
BRDA:101,6,0,0
BRDA:101,6,1,0
BRF:11
BRH:1
end_of_record
TN:
SF:/Users/marcusstridfalt/Desktop/Ex/src/components/App.js
FN:14,(anonymous_0)
FN:18,(anonymous_1)
FN:23,(anonymous_2)
FN:28,(anonymous_3)
FN:36,(anonymous_4)
FNF:5
FNH:1
FNDA:0,(anonymous_0)
FNDA:0,(anonymous_1)
FNDA:0,(anonymous_2)
FNDA:0,(anonymous_3)
FNDA:1,(anonymous_4)
DA:15,0
DA:19,0
DA:20,0
DA:24,0
DA:25,0
DA:29,0
DA:30,0
DA:32,0
DA:37,1
LF:9
LH:1
BRDA:29,0,0,0
BRDA:29,0,1,0
BRDA:43,1,0,1
BRDA:43,1,1,0
BRDA:51,2,0,1
BRDA:51,2,1,0
BRF:6
BRH:2
end_of_record
TN:
SF:/Users/marcusstridfalt/Desktop/Ex/src/components/AvatarSelector.js
FN:7,(anonymous_0)
FNF:1
FNH:1
FNDA:1,(anonymous_0)
DA:7,1
DA:8,1
DA:9,1
DA:10,1
DA:12,1
DA:13,0
DA:15,1
DA:16,0
DA:18,1
DA:28,1
LF:10
LH:8
BRDA:9,0,0,1
BRDA:9,0,1,0
BRDA:12,1,0,0
BRDA:12,1,1,1
BRDA:15,2,0,0
BRDA:15,2,1,1
BRF:6
BRH:3
end_of_record
TN:
SF:/Users/marcusstridfalt/Desktop/Ex/src/components/Button.js
FN:8,(anonymous_0)
FNF:1
FNH:1
FNDA:1,(anonymous_0)
DA:4,1
DA:6,1
DA:8,1
DA:9,1
DA:18,1
DA:25,1
LF:6
LH:6
BRDA:10,0,0,0
BRDA:10,0,1,1
BRF:2
BRH:1
end_of_record
TN:
SF:/Users/marcusstridfalt/Desktop/Ex/src/components/Comments.js
FN:12,(anonymous_0)
FN:16,(anonymous_1)
FN:22,(anonymous_2)
FN:27,(anonymous_3)
FN:28,(anonymous_4)
FN:37,(anonymous_5)
FNF:6
FNH:0
FNDA:0,(anonymous_0)
FNDA:0,(anonymous_1)
FNDA:0,(anonymous_2)
FNDA:0,(anonymous_3)
FNDA:0,(anonymous_4)
FNDA:0,(anonymous_5)
DA:13,0
DA:17,0
DA:18,0
DA:19,0
DA:23,0
DA:24,0
DA:28,0
DA:29,0
DA:38,0
DA:52,1
LF:10
LH:1
BRDA:16,0,0,0
BRF:1
BRH:0
end_of_record
TN:
SF:/Users/marcusstridfalt/Desktop/Ex/src/components/CreateNewComment.js
FN:10,(anonymous_0)
FN:12,(anonymous_1)
FN:25,(anonymous_2)
FNF:3
FNH:0
FNDA:0,(anonymous_0)
FNDA:0,(anonymous_1)
FNDA:0,(anonymous_2)
DA:10,0
DA:13,0
DA:14,0
DA:15,0
DA:20,0
DA:21,0
DA:22,0
DA:26,0
DA:51,1
LF:9
LH:1
BRF:0
BRH:0
end_of_record
TN:
SF:/Users/marcusstridfalt/Desktop/Ex/src/components/CreateNewPost.js
FN:11,(anonymous_0)
FN:12,(anonymous_1)
FN:22,(anonymous_2)
FNF:3
FNH:1
FNDA:0,(anonymous_0)
FNDA:0,(anonymous_1)
FNDA:1,(anonymous_2)
DA:11,0
DA:13,0
DA:14,0
DA:15,0
DA:16,0
DA:17,0
DA:18,0
DA:19,0
DA:23,1
DA:24,1
DA:36,1
LF:11
LH:3
BRF:0
BRH:0
end_of_record
TN:
SF:/Users/marcusstridfalt/Desktop/Ex/src/components/PersonaSwitcher.js
FN:5,(anonymous_0)
FNF:1
FNH:1
FNDA:1,(anonymous_0)
DA:5,1
DA:6,1
DA:31,1
LF:3
LH:3
BRF:0
BRH:0
end_of_record
TN:
SF:/Users/marcusstridfalt/Desktop/Ex/src/components/Posts.js
FN:12,(anonymous_0)
FN:16,(anonymous_1)
FN:21,(anonymous_2)
FN:26,(anonymous_3)
FN:27,(anonymous_4)
FN:36,(anonymous_5)
FNF:6
FNH:2
FNDA:0,(anonymous_0)
FNDA:0,(anonymous_1)
FNDA:0,(anonymous_2)
FNDA:1,(anonymous_3)
FNDA:0,(anonymous_4)
FNDA:1,(anonymous_5)
DA:13,0
DA:17,0
DA:18,0
DA:22,0
DA:23,0
DA:27,1
DA:28,0
DA:37,1
DA:49,1
LF:9
LH:3
BRF:0
BRH:0
end_of_record
TN:
SF:/Users/marcusstridfalt/Desktop/Ex/src/components/SingleComment.js
FN:5,(anonymous_0)
FN:10,(anonymous_1)
FNF:2
FNH:0
FNDA:0,(anonymous_0)
FNDA:0,(anonymous_1)
DA:5,1
DA:6,0
DA:10,0
DA:23,1
LF:4
LH:2
BRDA:7,0,0,0
BRDA:7,0,1,0
BRF:2
BRH:0
end_of_record
TN:
SF:/Users/marcusstridfalt/Desktop/Ex/src/components/SinglePost.js
FN:7,(anonymous_0)
FN:13,(anonymous_1)
FNF:2
FNH:0
FNDA:0,(anonymous_0)
FNDA:0,(anonymous_1)
DA:7,1
DA:8,0
DA:13,0
DA:28,1
LF:4
LH:2
BRDA:10,0,0,0
BRDA:10,0,1,0
BRF:2
BRH:0
end_of_record
TN:
SF:/Users/marcusstridfalt/Desktop/Ex/src/components/Bot/Bot.js
FN:13,(anonymous_0)
FN:23,(anonymous_1)
FN:26,(anonymous_2)
FN:31,(anonymous_3)
FN:32,(anonymous_4)
FN:34,(anonymous_5)
FNF:6
FNH:0
FNDA:0,(anonymous_0)
FNDA:0,(anonymous_1)
FNDA:0,(anonymous_2)
FNDA:0,(anonymous_3)
FNDA:0,(anonymous_4)
FNDA:0,(anonymous_5)
DA:14,0
DA:18,0
DA:19,0
DA:20,0
DA:24,0
DA:25,0
DA:27,0
DA:31,0
DA:32,0
DA:35,0
LF:10
LH:0
BRF:0
BRH:0
end_of_record
TN:
SF:/Users/marcusstridfalt/Desktop/Ex/src/components/Bot/Message.js
FN:6,(anonymous_0)
FNF:1
FNH:0
FNDA:0,(anonymous_0)
DA:4,1
DA:6,1
DA:7,0
DA:16,1
LF:4
LH:3
BRDA:9,0,0,0
BRDA:9,0,1,0
BRF:2
BRH:0
end_of_record
TN:
SF:/Users/marcusstridfalt/Desktop/Ex/src/components/Bot/MessageForm.js
FN:10,(anonymous_0)
FN:14,(anonymous_1)
FN:16,(anonymous_2)
FN:22,(anonymous_3)
FN:30,(anonymous_4)
FNF:5
FNH:0
FNDA:0,(anonymous_0)
FNDA:0,(anonymous_1)
FNDA:0,(anonymous_2)
FNDA:0,(anonymous_3)
FNDA:0,(anonymous_4)
DA:11,0
DA:14,0
DA:17,0
DA:18,0
DA:19,0
DA:23,0
DA:30,0
DA:42,1
LF:8
LH:1
BRF:0
BRH:0
end_of_record
TN:
SF:/Users/marcusstridfalt/Desktop/Ex/src/components/Bot/TypingIndicator.js
FN:5,(anonymous_0)
FNF:1
FNH:0
FNDA:0,(anonymous_0)
DA:5,1
DA:6,0
DA:15,1
DA:19,1
LF:4
LH:3
BRDA:6,0,0,0
BRDA:6,0,1,0
BRF:2
BRH:0
end_of_record
